#
# There is insufficient memory for the Java Runtime Environment to continue.
# Native memory allocation (mmap) failed to map 134217728 bytes for Failed to commit area from 0x0000000081800000 to 0x0000000089800000 of length 134217728.
# Possible reasons:
#   The system is out of physical RAM or swap space
#   The process is running with CompressedOops enabled, and the Java Heap may be blocking the growth of the native heap
# Possible solutions:
#   Reduce memory load on the system
#   Increase physical memory or swap space
#   Check if swap backing store is full
#   Decrease Java heap size (-Xmx/-Xms)
#   Decrease number of Java threads
#   Decrease Java thread stack sizes (-Xss)
#   Set larger code cache with -XX:ReservedCodeCacheSize=
# This output file may be truncated or incomplete.
#
#  Out of Memory Error (t:/workspace/hotspot/src/os/windows/vm/os_windows.cpp:3357), pid=17664, tid=4116
#
# JRE version:  (9.0+11) (build )
# Java VM: Java HotSpot(TM) 64-Bit Server VM (9.0.4+11, mixed mode, tiered, compressed oops, g1 gc, windows-amd64)
# No core dump will be written. Minidumps are not enabled by default on client versions of Windows
#

---------------  S U M M A R Y ------------

Command Line: -Dfile.encoding=Cp1252 mypac.Main

Host: Intel(R) Core(TM) i3-6100 CPU @ 3.70GHz, 4 cores, 7G,  Windows 10 , 64 bit Build 16299 (10.0.16299.1146)
Time: Sat Jun 29 14:10:09 2019 Pacific Daylight Time elapsed time: 0 seconds (0d 0h 0m 0s)

---------------  T H R E A D  ---------------

Current thread (0x00000257a6812800):  JavaThread "Unknown thread" [_thread_in_vm, id=4116, stack(0x000000d6e2900000,0x000000d6e2a00000)]

Stack: [0x000000d6e2900000,0x000000d6e2a00000]
Native frames: (J=compiled Java code, j=interpreted, Vv=VM code, C=native code)
V  [jvm.dll+0x587068]
V  [jvm.dll+0x69c25e]
V  [jvm.dll+0x69d17a]
V  [jvm.dll+0x69d7b3]
V  [jvm.dll+0x21d198]
V  [jvm.dll+0x584bb4]
V  [jvm.dll+0x57a095]
V  [jvm.dll+0x2cd67b]
V  [jvm.dll+0x2cd5e3]
V  [jvm.dll+0x2cd4b2]
V  [jvm.dll+0x2cf4b3]
V  [jvm.dll+0x3191e3]
V  [jvm.dll+0x3198f6]
V  [jvm.dll+0x3192e3]
V  [jvm.dll+0x2adeb8]
V  [jvm.dll+0x2af0e7]
V  [jvm.dll+0x67b34d]
V  [jvm.dll+0x67c70c]
V  [jvm.dll+0x3269c9]
V  [jvm.dll+0x66555e]
V  [jvm.dll+0x391811]
V  [jvm.dll+0x3937c1]
C  [javaw.exe+0x3501]
C  [javaw.exe+0xe25f]
C  [javaw.exe+0xe406]
C  [KERNEL32.DLL+0x137e4]
C  [ntdll.dll+0x6cb81]


---------------  P R O C E S S  ---------------

Java Threads: ( => current thread )

Other Threads:
  0x00000257a6828800 GCTaskThread "GC Thread#0" [stack: 0x000000d6e2a00000,0x000000d6e2b00000] [id=19032]
  0x00000257a682a000 GCTaskThread "GC Thread#1" [stack: 0x000000d6e2b00000,0x000000d6e2c00000] [id=10196]
  0x00000257a682c800 GCTaskThread "GC Thread#2" [stack: 0x000000d6e2c00000,0x000000d6e2d00000] [id=2612]
  0x00000257a682e800 GCTaskThread "GC Thread#3" [stack: 0x000000d6e2d00000,0x000000d6e2e00000] [id=15340]
  0x00000257a68ad800 ConcurrentGCThread "G1 Main Marker" [stack: 0x000000d6e3300000,0x000000d6e3400000] [id=4896]
  0x00000257a68af800 ConcurrentGCThread "G1 Marker#0" [stack: 0x000000d6e3400000,0x000000d6e3500000] [id=19952]
  0x00000257a6842800 ConcurrentGCThread "G1 Refine#0" [stack: 0x000000d6e3100000,0x000000d6e3200000] [id=20344]
  0x00000257a6840000 ConcurrentGCThread "G1 Refine#1" [stack: 0x000000d6e3000000,0x000000d6e3100000] [id=16100]
  0x00000257a683a000 ConcurrentGCThread "G1 Refine#2" [stack: 0x000000d6e2f00000,0x000000d6e3000000] [id=19560]
  0x00000257a6831000 ConcurrentGCThread "G1 Refine#3" [stack: 0x000000d6e2e00000,0x000000d6e2f00000] [id=20440]
  0x00000257a6843800 ConcurrentGCThread "G1 Young RemSet Sampling" [stack: 0x000000d6e3200000,0x000000d6e3300000] [id=9456]

=>0x00000257a6812800 (exited) JavaThread "Unknown thread" [_thread_in_vm, id=4116, stack(0x000000d6e2900000,0x000000d6e2a00000)]

Threads with active compile tasks:

VM state:not at safepoint (not fully initialized)

VM Mutex/Monitor currently owned by a thread:  ([mutex/lock_event])
[0x00000257a6812550] Heap_lock - owner thread: 0x00000257a6812800

Heap address: 0x0000000081800000, size: 2024 MB, Compressed Oops mode: Non-zero based: 0x0000000081800000
Narrow klass base: 0x0000000000000000, Narrow klass shift: 0

GC Heap History (0 events):
No events

Deoptimization events (0 events):
No events

Classes redefined (0 events):
No events

Internal exceptions (0 events):
No events

Events (0 events):
No events


Dynamic libraries:
0x00007ff65c210000 - 0x00007ff65c24e000 	C:\Program Files\Java\jre-9.0.4\bin\javaw.exe
0x00007fffc0900000 - 0x00007fffc0ae0000 	C:\Windows\SYSTEM32\ntdll.dll
0x00007fffc0820000 - 0x00007fffc08ce000 	C:\Windows\System32\KERNEL32.DLL
0x00007fffbcda0000 - 0x00007fffbd006000 	C:\Windows\System32\KERNELBASE.dll
0x00007fffc01d0000 - 0x00007fffc0271000 	C:\Windows\System32\ADVAPI32.dll
0x00007fffc0070000 - 0x00007fffc010d000 	C:\Windows\System32\msvcrt.dll
0x00007fffbea20000 - 0x00007fffbea7b000 	C:\Windows\System32\sechost.dll
0x00007fffbeb10000 - 0x00007fffbec2f000 	C:\Windows\System32\RPCRT4.dll
0x00007fffbe890000 - 0x00007fffbea1f000 	C:\Windows\System32\USER32.dll
0x00007fffbcd80000 - 0x00007fffbcda0000 	C:\Windows\System32\win32u.dll
0x00007fffc0110000 - 0x00007fffc0138000 	C:\Windows\System32\GDI32.dll
0x00007fffbd9e0000 - 0x00007fffbdb73000 	C:\Windows\System32\gdi32full.dll
0x00007fffbdcd0000 - 0x00007fffbdd6b000 	C:\Windows\System32\msvcp_win.dll
0x00007fffbdb80000 - 0x00007fffbdc74000 	C:\Windows\System32\ucrtbase.dll
0x00007fffb5570000 - 0x00007fffb557a000 	C:\Windows\SYSTEM32\VERSION.dll
0x00007fffae040000 - 0x00007fffae2a9000 	C:\Windows\WinSxS\amd64_microsoft.windows.common-controls_6595b64144ccf1df_6.0.16299.1146_none_0f8c8a325a690b0b\COMCTL32.dll
0x00007fffbddd0000 - 0x00007fffbe0d6000 	C:\Windows\System32\combase.dll
0x00007fffbcd00000 - 0x00007fffbcd72000 	C:\Windows\System32\bcryptPrimitives.dll
0x00007fffc0790000 - 0x00007fffc07bd000 	C:\Windows\System32\IMM32.DLL
0x00007fffa23b0000 - 0x00007fffa2461000 	C:\Program Files\McAfee\Endpoint Security\Threat Prevention\Ips\EpMPApi.dll
0x00007fffbdd70000 - 0x00007fffbddc9000 	C:\Windows\System32\WINTRUST.dll
0x00007fffbcc50000 - 0x00007fffbcc62000 	C:\Windows\System32\MSASN1.dll
0x00007fffbd760000 - 0x00007fffbd92e000 	C:\Windows\System32\CRYPT32.dll
0x0000000059140000 - 0x000000005914c000 	C:\Program Files\McAfee\Endpoint Security\Threat Prevention\Ips\EpMPThe.dll
0x00007fff93d70000 - 0x00007fff93e5f000 	C:\Program Files\Java\jre-9.0.4\bin\msvcr120.dll
0x00007fff93cc0000 - 0x00007fff93d66000 	C:\Program Files\Java\jre-9.0.4\bin\msvcp120.dll
0x0000000058310000 - 0x0000000058d35000 	C:\Program Files\Java\jre-9.0.4\bin\server\jvm.dll
0x00007fffc0280000 - 0x00007fffc0288000 	C:\Windows\System32\PSAPI.DLL
0x00007fffb7bd0000 - 0x00007fffb7bf3000 	C:\Windows\SYSTEM32\WINMM.dll
0x00007fffb7db0000 - 0x00007fffb7db9000 	C:\Windows\SYSTEM32\WSOCK32.dll
0x00007fffbeaa0000 - 0x00007fffbeb0c000 	C:\Windows\System32\WS2_32.dll
0x00007fffb7b90000 - 0x00007fffb7bba000 	C:\Windows\SYSTEM32\WINMMBASE.dll
0x00007fffbdc80000 - 0x00007fffbdcca000 	C:\Windows\System32\cfgmgr32.dll
0x00007fffb6f40000 - 0x00007fffb6f4f000 	C:\Program Files\Java\jre-9.0.4\bin\verify.dll
0x00007fffa7e60000 - 0x00007fffa7e87000 	C:\Program Files\Java\jre-9.0.4\bin\java.dll
0x00007fffb5750000 - 0x00007fffb5766000 	C:\Program Files\Java\jre-9.0.4\bin\zip.dll
0x00007fffb6f30000 - 0x00007fffb6f3a000 	C:\Program Files\Java\jre-9.0.4\bin\jimage.dll
0x00007fffb1840000 - 0x00007fffb1a08000 	C:\Windows\SYSTEM32\dbghelp.dll

VM Arguments:
jvm_args: -Dfile.encoding=Cp1252 
java_command: mypac.Main
java_class_path (initial): D:\Pallavi\javademos\Employee\bin
Launcher Type: SUN_STANDARD

Logging:
Log output configuration:
#0: stdout all=warning uptime,level,tags
#1: stderr all=off uptime,level,tags

Environment Variables:
PATH=C:\Python27\;C:\Python27\Scripts;D:\OracleXE\app\oracle\product\10.2.0\server\bin;C:\orant\bin;D:\oracle\product\10.2.0\db_1\bin;C:\ProgramData\Oracle\Java\javapath;C:\Windows\system32;C:\Windows;C:\Windows\System32\Wbem;C:\Windows\System32\WindowsPowerShell\v1.0\;C:\Program Files\PuTTY\;C:\orant\jdk\bin;C:\Program Files\Java\jdk-9.0.4\bin;C:\Program Files\Microsoft SQL Server\110\DTS\Binn\;C:\Program Files (x86)\Microsoft SQL Server\110\Tools\Binn\ManagementStudio\;C:\Program Files (x86)\Microsoft SQL Server\110\Tools\Binn\;C:\Program Files\Microsoft SQL Server\110\Tools\Binn\;C:\Program Files (x86)\Microsoft Visual Studio 10.0\Common7\IDE\PrivateAssemblies\;C:\Program Files (x86)\Microsoft SQL Server\110\DTS\Binn\;C:\Program Files (x86)\Microsoft SQL Server\Client SDK\ODBC\130\Tools\Binn\;C:\Program Files (x86)\Microsoft SQL Server\140\Tools\Binn\;C:\Program Files (x86)\Microsoft SQL Server\140\DTS\Binn\;C:\Program Files (x86)\Microsoft SQL Server\140\Tools\Binn\ManagementStudio\;C:\Program Files\dotnet\;C:\Program Files\Microsoft SQL Server\130\Tools\Binn\;C:\Program Files (x86)\Brackets\command;C:\Program Files\nodejs\;C:\ProgramData\chocolatey\bin;C:\Users\TRG\AppData\Local\Microsoft\WindowsApps;C:\Program Files\Java\jdk-9.0.4\bin;;C:\Program Files (x86)\Microsoft VS Code\bin;C:\Users\TRG\AppData\Roaming\npm;C:\Users\TRG\.dotnet\tools
USERNAME=TRG
OS=Windows_NT
PROCESSOR_IDENTIFIER=Intel64 Family 6 Model 94 Stepping 3, GenuineIntel



---------------  S Y S T E M  ---------------

OS: Windows 10 , 64 bit Build 16299 (10.0.16299.1146)

CPU:total 4 (initial active 4) (2 cores per cpu, 2 threads per core) family 6 model 94 stepping 3, cmov, cx8, fxsr, mmx, sse, sse2, sse3, ssse3, sse4.1, sse4.2, popcnt, avx, avx2, aes, clmul, erms, 3dnowpref, lzcnt, ht, tsc, tscinvbit, bmi1, bmi2, adx, fma

Memory: 4k page, physical 8282716k(3134804k free), swap 14456068k(93672k free)

vm_info: Java HotSpot(TM) 64-Bit Server VM (9.0.4+11) for windows-amd64 JRE (9.0.4+11), built on Dec 20 2017 02:18:54 by "mach5one" with MS VC++ 12.0 (VS2013)

END.
